[2020-02-15 17:56:19] mylog.DEBUG: DatabaseWrapper::__construct [] []
[2020-02-15 17:56:19] mylog.DEBUG: DatabaseWrapper::beginTransaction [] []
[2020-02-15 17:56:19] mylog.DEBUG: DatabaseWrapper::query [] []
[2020-02-15 17:56:19] mylog.CRITICAL: DatabaseWrapper::query FAILED [] []
[2020-02-15 17:56:19] mylog.DEBUG: DatabaseWrapper::query DETAILS {"QUERY":"SELECT NULL ","PARAMS":["[object] (aportela\\DatabaseWrapper\\Param\\NullParam: {})"]} []
[2020-02-15 17:56:33] mylog.DEBUG: DatabaseWrapper::__construct [] []
[2020-02-15 17:56:33] mylog.DEBUG: DatabaseWrapper::beginTransaction [] []
[2020-02-15 17:56:33] mylog.DEBUG: DatabaseWrapper::query [] []
[2020-02-15 17:56:33] mylog.CRITICAL: DatabaseWrapper::query FAILED [] []
[2020-02-15 17:56:33] mylog.DEBUG: DatabaseWrapper::query DETAILS {"QUERY":" SELECT NULL WHERE 1=1 ","PARAMS":["[object] (aportela\\DatabaseWrapper\\Param\\NullParam: {})"]} []
[2020-02-15 17:57:31] mylog.DEBUG: DatabaseWrapper::__construct [] []
[2020-02-15 17:57:31] mylog.DEBUG: DatabaseWrapper::beginTransaction [] []
[2020-02-15 17:57:31] mylog.DEBUG: DatabaseWrapper::query [] []
[2020-02-15 17:57:31] mylog.CRITICAL: DatabaseWrapper::query FAILED [] []
[2020-02-15 17:57:31] mylog.DEBUG: DatabaseWrapper::query DETAILS {"QUERY":" SELECT NULL WHERE A = :aa ","PARAMS":["[object] (aportela\\DatabaseWrapper\\Param\\NullParam: {})"]} []
[2020-02-15 17:57:47] mylog.DEBUG: DatabaseWrapper::__construct [] []
[2020-02-15 17:57:47] mylog.DEBUG: DatabaseWrapper::beginTransaction [] []
[2020-02-15 18:00:04] mylog.DEBUG: DatabaseWrapper::__construct [] []
[2020-02-15 18:00:04] mylog.DEBUG: DatabaseWrapper::beginTransaction [] []
[2020-02-15 18:00:11] mylog.DEBUG: DatabaseWrapper::__construct [] []
[2020-02-15 18:00:11] mylog.DEBUG: DatabaseWrapper::beginTransaction [] []
[2020-02-15 18:00:11] mylog.DEBUG: DatabaseWrapper::query [] []
[2020-02-15 18:00:11] mylog.CRITICAL: DatabaseWrapper::query FAILED [] []
[2020-02-15 18:00:11] mylog.DEBUG: DatabaseWrapper::query DETAILS {"QUERY":" SELECT NULL WHERE A = :nn ","PARAMS":["[object] (aportela\\DatabaseWrapper\\Param\\BooleanParam: {})"]} []
[2020-02-15 18:00:14] mylog.DEBUG: DatabaseWrapper::__construct [] []
[2020-02-15 18:00:14] mylog.DEBUG: DatabaseWrapper::beginTransaction [] []
[2020-02-15 18:00:14] mylog.DEBUG: DatabaseWrapper::query [] []
[2020-02-15 18:00:14] mylog.CRITICAL: DatabaseWrapper::query FAILED [] []
[2020-02-15 18:00:14] mylog.DEBUG: DatabaseWrapper::query DETAILS {"QUERY":" SELECT NULL WHERE A = :nn ","PARAMS":["[object] (aportela\\DatabaseWrapper\\Param\\BooleanParam: {})"]} []
[2020-02-15 18:02:17] mylog.DEBUG: DatabaseWrapper::__construct [] []
[2020-02-15 18:02:17] mylog.DEBUG: DatabaseWrapper::beginTransaction [] []
[2020-02-15 18:02:17] mylog.DEBUG: DatabaseWrapper::query [] []
[2020-02-15 18:02:17] mylog.CRITICAL: DatabaseWrapper::query FAILED [] []
[2020-02-15 18:02:17] mylog.DEBUG: DatabaseWrapper::query DETAILS {"QUERY":" SELECT NULL WHERE A = :nn ","PARAMS":["[object] (aportela\\DatabaseWrapper\\Param\\BooleanParam: {})"]} []
[2020-02-15 18:02:25] mylog.DEBUG: DatabaseWrapper::__construct [] []
[2020-02-15 18:02:25] mylog.DEBUG: DatabaseWrapper::beginTransaction [] []
[2020-02-15 18:02:28] mylog.DEBUG: DatabaseWrapper::__construct [] []
[2020-02-15 18:02:28] mylog.DEBUG: DatabaseWrapper::beginTransaction [] []
[2020-02-15 18:02:28] mylog.DEBUG: DatabaseWrapper::query [] []
[2020-02-15 18:02:28] mylog.CRITICAL: DatabaseWrapper::query FAILED [] []
[2020-02-15 18:02:28] mylog.DEBUG: DatabaseWrapper::query DETAILS {"QUERY":" SELECT NULL WHERE A = :nn ","PARAMS":["[object] (aportela\\DatabaseWrapper\\Param\\IntegerParam: {})"]} []
[2020-02-15 18:02:34] mylog.DEBUG: DatabaseWrapper::__construct [] []
[2020-02-15 18:02:34] mylog.DEBUG: DatabaseWrapper::beginTransaction [] []
[2020-02-15 18:05:01] mylog.DEBUG: DatabaseWrapper::__construct [] []
[2020-02-15 18:05:01] mylog.DEBUG: DatabaseWrapper::beginTransaction [] []
[2020-02-15 18:10:01] mylog.DEBUG: DatabaseWrapper::__construct [] []
[2020-02-15 18:10:01] mylog.DEBUG: DatabaseWrapper::beginTransaction [] []
